Environment variables:
  - =::=::\
  - =C:=C:\Users\Familia\Documents\NetBeansProjects\proyecto_grafo\src
  - =ExitCode=00000000
  - ALLUSERSPROFILE=C:\ProgramData
  - APPDATA=C:\Users\Familia\AppData\Roaming
  - COMPUTERNAME=DESKTOP-RFPV9G3
  - ComSpec=C:\WINDOWS\system32\cmd.exe
  - CommonProgramFiles=C:\Program Files\Common Files
  - CommonProgramFiles(x86)=C:\Program Files (x86)\Common Files
  - CommonProgramW6432=C:\Program Files\Common Files
  - DriverData=C:\Windows\System32\Drivers\DriverData
  - ERROR_CODE=0
  - ESET_OPTIONS=                                                                                                                                                                                                                                                                                                                                                                                                                                                                                                                               
  - HOMEDRIVE=C:
  - HOMEPATH=\Users\Familia
  - JAVA_EXEC="C:\Users\Familia\Downloads\sonar-scanner-cli-4.2.0.1873-windows\sonar-scanner-4.2.0.1873-windows\bin\..\jre\bin\java.exe"
  - JAVA_HOME=C:\Users\Familia\Downloads\sonar-scanner-cli-4.2.0.1873-windows\sonar-scanner-4.2.0.1873-windows\bin\..\jre
  - LOCALAPPDATA=C:\Users\Familia\AppData\Local
  - LOGONSERVER=\\DESKTOP-RFPV9G3
  - NUMBER_OF_PROCESSORS=4
  - OS=Windows_NT
  - OneDrive=C:\Users\Familia\OneDrive
  - OneDriveConsumer=C:\Users\Familia\OneDrive
  - PATHEXT=.COM;.EXE;.BAT;.CMD;.VBS;.VBE;.JS;.JSE;.WSF;.WSH;.MSC
  - PROCESSOR_ARCHITECTURE=AMD64
  - PROCESSOR_IDENTIFIER=Intel64 Family 6 Model 58 Stepping 9, GenuineIntel
  - PROCESSOR_LEVEL=6
  - PROCESSOR_REVISION=3a09
  - PROJECT_HOME=C:\Users\Familia\Documents\NetBeansProjects\proyecto_grafo\src
  - PROMPT=$P$G
  - PSModulePath=C:\Program Files\WindowsPowerShell\Modules;C:\WINDOWS\system32\WindowsPowerShell\v1.0\Modules
  - PUBLIC=C:\Users\Public
  - Path=C:\Program Files (x86)\Common Files\Oracle\Java\javapath;C:\ProgramData\Oracle\Java\javapath;C:\WINDOWS\system32;C:\WINDOWS;C:\WINDOWS\System32\Wbem;C:\WINDOWS\System32\WindowsPowerShell\v1.0\;C:\Program Files\Git\cmd;C:\WINDOWS\System32\OpenSSH\;C:\Users\Familia\Downloads\sonar-scanner-cli-4.2.0.1873-windows\sonar-scanner-4.2.0.1873-windows\bin;
  - ProgramData=C:\ProgramData
  - ProgramFiles=C:\Program Files
  - ProgramFiles(x86)=C:\Program Files (x86)
  - ProgramW6432=C:\Program Files
  - SESSIONNAME=Console
  - SONAR_SCANNER_HOME=C:\Users\Familia\Downloads\sonar-scanner-cli-4.2.0.1873-windows\sonar-scanner-4.2.0.1873-windows\bin\..
  - SystemDrive=C:
  - SystemRoot=C:\WINDOWS
  - TEMP=C:\Users\Familia\AppData\Local\Temp
  - TMP=C:\Users\Familia\AppData\Local\Temp
  - USERDOMAIN=DESKTOP-RFPV9G3
  - USERDOMAIN_ROAMINGPROFILE=DESKTOP-RFPV9G3
  - USERNAME=Familia
  - USERPROFILE=C:\Users\Familia
  - asl.log=Destination=file
  - scriptdir=C:\Users\Familia\Downloads\sonar-scanner-cli-4.2.0.1873-windows\sonar-scanner-4.2.0.1873-windows\bin
  - use_embedded_jre=true
  - windir=C:\WINDOWS
System properties:
  - awt.toolkit=sun.awt.windows.WToolkit
  - file.encoding=Cp1252
  - file.separator=\
  - java.awt.graphicsenv=sun.awt.Win32GraphicsEnvironment
  - java.awt.headless=true
  - java.awt.printerjob=sun.awt.windows.WPrinterJob
  - java.class.path=C:\Users\Familia\Downloads\sonar-scanner-cli-4.2.0.1873-windows\sonar-scanner-4.2.0.1873-windows\bin\..\lib\sonar-scanner-cli-4.2.0.1873.jar
  - java.class.version=55.0
  - java.home=C:\Users\Familia\Downloads\sonar-scanner-cli-4.2.0.1873-windows\sonar-scanner-4.2.0.1873-windows\jre
  - java.io.tmpdir=C:\Users\Familia\AppData\Local\Temp\
  - java.library.path=C:\Users\Familia\Downloads\sonar-scanner-cli-4.2.0.1873-windows\sonar-scanner-4.2.0.1873-windows\jre\bin;C:\WINDOWS\Sun\Java\bin;C:\WINDOWS\system32;C:\WINDOWS;C:\Program Files (x86)\Common Files\Oracle\Java\javapath;C:\ProgramData\Oracle\Java\javapath;C:\WINDOWS\system32;C:\WINDOWS;C:\WINDOWS\System32\Wbem;C:\WINDOWS\System32\WindowsPowerShell\v1.0\;C:\Program Files\Git\cmd;C:\WINDOWS\System32\OpenSSH\;C:\Users\Familia\Downloads\sonar-scanner-cli-4.2.0.1873-windows\sonar-scanner-4.2.0.1873-windows\bin;;.
  - java.runtime.name=OpenJDK Runtime Environment
  - java.runtime.version=11.0.3+7
  - java.specification.name=Java Platform API Specification
  - java.specification.vendor=Oracle Corporation
  - java.specification.version=11
  - java.vendor=AdoptOpenJDK
  - java.vendor.url=https://adoptopenjdk.net/
  - java.vendor.url.bug=https://github.com/AdoptOpenJDK/openjdk-build/issues
  - java.vendor.version=AdoptOpenJDK
  - java.version=11.0.3
  - java.version.date=2019-04-16
  - java.vm.compressedOopsMode=32-bit
  - java.vm.info=mixed mode
  - java.vm.name=OpenJDK 64-Bit Server VM
  - java.vm.specification.name=Java Virtual Machine Specification
  - java.vm.specification.vendor=Oracle Corporation
  - java.vm.specification.version=11
  - java.vm.vendor=AdoptOpenJDK
  - java.vm.version=11.0.3+7
  - jdk.debug=release
  - line.separator=

  - os.arch=amd64
  - os.name=Windows 10
  - os.version=10.0
  - path.separator=;
  - project.home=C:\Users\Familia\Documents\NetBeansProjects\proyecto_grafo\src
  - scanner.home=C:\Users\Familia\Downloads\sonar-scanner-cli-4.2.0.1873-windows\sonar-scanner-4.2.0.1873-windows\bin\..
  - sun.arch.data.model=64
  - sun.boot.library.path=C:\Users\Familia\Downloads\sonar-scanner-cli-4.2.0.1873-windows\sonar-scanner-4.2.0.1873-windows\jre\bin
  - sun.cpu.endian=little
  - sun.cpu.isalist=amd64
  - sun.desktop=windows
  - sun.io.unicode.encoding=UnicodeLittle
  - sun.java.command=org.sonarsource.scanner.cli.Main -X
  - sun.java.launcher=SUN_STANDARD
  - sun.jnu.encoding=Cp1252
  - sun.management.compiler=HotSpot 64-Bit Tiered Compilers
  - sun.os.patch.level=
  - sun.stderr.encoding=cp850
  - sun.stdout.encoding=cp850
  - user.country=US
  - user.country.format=EC
  - user.dir=C:\Users\Familia\Documents\NetBeansProjects\proyecto_grafo\src
  - user.home=C:\Users\Familia
  - user.language=en
  - user.language.format=es
  - user.name=Familia
  - user.script=
  - user.timezone=America/Bogota
  - user.variant=
SonarQube plugins:
  - SonarPython 1.13.0.2922 (python)
  - SonarCSS 1.0.3.724 (cssfamily)
  - JaCoCo 1.0.1.143 (jacoco)
  - SonarGo 1.1.0.1612 (go)
  - SonarKotlin 1.5.0.315 (kotlin)
  - Svn 1.9.0.1295 (scmsvn)
  - SonarJS 5.1.1.7506 (javascript)
  - SonarRuby 1.5.0.315 (ruby)
  - SonarScala 1.5.0.315 (sonarscala)
  - SonarC# 7.11.0.8083 (csharp)
  - SonarJava 5.11.0.17289 (java)
  - LDAP 2.2.0.608 (ldap)
  - SonarHTML 3.1.0.1615 (web)
  - Git 1.8.0.1574 (scmgit)
  - SonarFlex 2.4.0.1222 (flex)
  - SonarXML 2.0.1.2020 (xml)
  - SonarPHP 3.0.0.4537 (php)
  - SonarTS 1.9.0.3766 (typescript)
  - SonarVB 7.11.0.8083 (vbnet)
Global server settings:
  - sonar.core.id=49B321BC-AWsyKfglJG8Y0hvVLiXq
  - sonar.core.startTime=2019-10-23T18:55:12-0500
Project server settings:
Project scanner properties:
  - sonar.host.url=http://200.9.176.59:9000
  - sonar.java.binaries=../build
  - sonar.login=******
  - sonar.password=******
  - sonar.projectBaseDir=C:\Users\Familia\Documents\NetBeansProjects\proyecto_grafo\src
  - sonar.projectKey=mmacia2019:Proyecto_Grafo
  - sonar.projectName=Proyecto_Grafo
  - sonar.projectVersion=1.0
  - sonar.scanner.app=ScannerCli
  - sonar.scanner.appVersion=4.2.0.1873
  - sonar.scm.disabled=true
  - sonar.sourceEncoding=windows-1252
  - sonar.sources=.
  - sonar.verbose=true
  - sonar.working.directory=C:\Users\Familia\Documents\NetBeansProjects\proyecto_grafo\src\.scannerwork
